<?xml version="1.0" encoding="UTF-8"?>
<!-- Generated by org.testng.reporters.JUnitXMLReporter -->
<testsuite ignored="0" hostname="RKVIYYAPU" failures="0" tests="3" name="Default test" time="39.283" errors="0" timestamp="2024-11-27T14:53:24 IST">
  <testcase classname="selenium.SeleniumFrameworkDesign.SubmitOrderTest" name="submitOrder" time="10.671"/>
  <testcase classname="selenium.SeleniumFrameworkDesign.SubmitOrderTest" name="submitOrder" time="10.599"/>
  <testcase classname="selenium.SeleniumFrameworkDesign.SubmitOrderTest" name="OrderHistoryTest" time="0.804"/>
</testsuite> <!-- Default test -->
