<?xml version="1.0" encoding="UTF-8"?>
<!-- Generated by org.testng.reporters.JUnitXMLReporter -->
<testsuite ignored="0" hostname="RKVIYYAPU" failures="0" tests="2" name="ErrorValidations" time="27.275" errors="0" timestamp="2024-12-14T23:07:11 IST">
  <testcase classname="selenium.SeleniumFrameworkDesign.ErrorValidationsTest" name="ProductErrorValidation" time="9.895"/>
  <testcase classname="selenium.SeleniumFrameworkDesign.ErrorValidationsTest" name="LoginErrorValidation" time="1.627"/>
</testsuite> <!-- ErrorValidations -->
