<?xml version="1.0" encoding="UTF-8"?>
<!-- Generated by org.testng.reporters.JUnitXMLReporter -->
<testsuite ignored="0" hostname="RKVIYYAPU" failures="0" tests="3" name="SubmitOrderTest" time="51.717" errors="0" timestamp="2024-12-14T23:07:34 IST">
  <testcase classname="selenium.SeleniumFrameworkDesign.SubmitOrderTest" name="submitOrder" time="12.14"/>
  <testcase classname="selenium.SeleniumFrameworkDesign.SubmitOrderTest" name="submitOrder" time="12.318"/>
  <testcase classname="selenium.SeleniumFrameworkDesign.SubmitOrderTest" name="OrderHistoryTest" time="1.322"/>
</testsuite> <!-- SubmitOrderTest -->
