<?xml version="1.0" encoding="UTF-8"?>
<!-- Generated by org.testng.reporters.JUnitXMLReporter -->
<testsuite ignored="0" hostname="RKVIYYAPU" failures="0" tests="2" name="ErrorValidations" time="20.484" errors="0" timestamp="2024-12-16T19:25:54 IST">
  <testcase classname="selenium.SeleniumFrameworkDesign.ErrorValidationsTest" name="ProductErrorValidation" time="9.613"/>
  <testcase classname="selenium.SeleniumFrameworkDesign.ErrorValidationsTest" name="LoginErrorValidation" time="1.415"/>
</testsuite> <!-- ErrorValidations -->
