<?xml version="1.0" encoding="UTF-8"?>
<!-- Generated by org.testng.reporters.JUnitXMLReporter -->
<testsuite ignored="0" hostname="RKVIYYAPU" failures="0" tests="3" name="SubmitOrderTest" time="37.773" errors="0" timestamp="2024-12-16T19:26:11 IST">
  <testcase classname="selenium.SeleniumFrameworkDesign.SubmitOrderTest" name="submitOrder" time="10.739"/>
  <testcase classname="selenium.SeleniumFrameworkDesign.SubmitOrderTest" name="submitOrder" time="11.57"/>
  <testcase classname="selenium.SeleniumFrameworkDesign.SubmitOrderTest" name="OrderHistoryTest" time="0.761"/>
</testsuite> <!-- SubmitOrderTest -->
