<?xml version="1.0" encoding="UTF-8"?>
<testng-results ignored="0" total="5" passed="5" failed="0" skipped="0">
  <reporter-output>
  </reporter-output>
  <suite started-at="2024-12-16T19:25:33 IST" name="Suite" finished-at="2024-12-16T19:26:11 IST" duration-ms="37773">
    <groups>
      <group name="Purchase">
        <method signature="SubmitOrderTest.submitOrder(java.util.HashMap)[pri:0, instance:selenium.SeleniumFrameworkDesign.SubmitOrderTest@4201c465]" name="submitOrder" class="selenium.SeleniumFrameworkDesign.SubmitOrderTest"/>
      </group> <!-- Purchase -->
      <group name="Errorhandling">
        <method signature="ErrorValidationsTest.LoginErrorValidation()[pri:0, instance:selenium.SeleniumFrameworkDesign.ErrorValidationsTest@69ee81fc]" name="LoginErrorValidation" class="selenium.SeleniumFrameworkDesign.ErrorValidationsTest"/>
        <method signature="ErrorValidationsTest.ProductErrorValidation()[pri:0, instance:selenium.SeleniumFrameworkDesign.ErrorValidationsTest@69ee81fc]" name="ProductErrorValidation" class="selenium.SeleniumFrameworkDesign.ErrorValidationsTest"/>
      </group> <!-- Errorhandling -->
    </groups>
    <test started-at="2024-12-16T19:25:33 IST" name="ErrorValidations" finished-at="2024-12-16T19:25:53 IST" duration-ms="20484">
      <class name="selenium.SeleniumFrameworkDesign.ErrorValidationsTest">
        <test-method is-config="true" signature="launchApplication()[pri:0, instance:selenium.SeleniumFrameworkDesign.ErrorValidationsTest@69ee81fc]" started-at="2024-12-16T19:25:33 IST" name="launchApplication" finished-at="2024-12-16T19:25:38 IST" duration-ms="4938" status="PASS">
          <reporter-output>
          </reporter-output>
        </test-method> <!-- launchApplication -->
        <test-method signature="ProductErrorValidation()[pri:0, instance:selenium.SeleniumFrameworkDesign.ErrorValidationsTest@69ee81fc]" started-at="2024-12-16T19:25:38 IST" name="ProductErrorValidation" finished-at="2024-12-16T19:25:47 IST" duration-ms="9613" status="PASS">
          <reporter-output>
          </reporter-output>
        </test-method> <!-- ProductErrorValidation -->
        <test-method is-config="true" signature="closeApplication()[pri:0, instance:selenium.SeleniumFrameworkDesign.ErrorValidationsTest@69ee81fc]" started-at="2024-12-16T19:25:47 IST" name="closeApplication" finished-at="2024-12-16T19:25:48 IST" duration-ms="166" status="PASS">
          <reporter-output>
          </reporter-output>
        </test-method> <!-- closeApplication -->
        <test-method is-config="true" signature="launchApplication()[pri:0, instance:selenium.SeleniumFrameworkDesign.ErrorValidationsTest@69ee81fc]" started-at="2024-12-16T19:25:48 IST" name="launchApplication" finished-at="2024-12-16T19:25:52 IST" duration-ms="4001" status="PASS">
          <reporter-output>
          </reporter-output>
        </test-method> <!-- launchApplication -->
        <test-method signature="LoginErrorValidation()[pri:0, instance:selenium.SeleniumFrameworkDesign.ErrorValidationsTest@69ee81fc]" started-at="2024-12-16T19:25:52 IST" name="LoginErrorValidation" finished-at="2024-12-16T19:25:53 IST" duration-ms="1415" status="PASS">
          <reporter-output>
          </reporter-output>
        </test-method> <!-- LoginErrorValidation -->
        <test-method is-config="true" signature="closeApplication()[pri:0, instance:selenium.SeleniumFrameworkDesign.ErrorValidationsTest@69ee81fc]" started-at="2024-12-16T19:25:53 IST" name="closeApplication" finished-at="2024-12-16T19:25:53 IST" duration-ms="312" status="PASS">
          <reporter-output>
          </reporter-output>
        </test-method> <!-- closeApplication -->
      </class> <!-- selenium.SeleniumFrameworkDesign.ErrorValidationsTest -->
    </test> <!-- ErrorValidations -->
    <test started-at="2024-12-16T19:25:33 IST" name="SubmitOrderTest" finished-at="2024-12-16T19:26:11 IST" duration-ms="37773">
      <class name="selenium.SeleniumFrameworkDesign.SubmitOrderTest">
        <test-method is-config="true" signature="launchApplication()[pri:0, instance:selenium.SeleniumFrameworkDesign.SubmitOrderTest@4201c465]" started-at="2024-12-16T19:25:33 IST" name="launchApplication" finished-at="2024-12-16T19:25:38 IST" duration-ms="4984" status="PASS">
          <reporter-output>
          </reporter-output>
        </test-method> <!-- launchApplication -->
        <test-method signature="submitOrder(java.util.HashMap)[pri:0, instance:selenium.SeleniumFrameworkDesign.SubmitOrderTest@4201c465]" started-at="2024-12-16T19:25:38 IST" name="submitOrder" data-provider="getData" finished-at="2024-12-16T19:25:49 IST" duration-ms="10739" status="PASS">
          <params>
            <param index="0">
              <value>
                <![CDATA[{password=Viyyapu@159, email=radhakrishnaviyyapu@gmail.com, productName=ADIDAS ORIGINAL}]]>
              </value>
            </param>
          </params>
          <reporter-output>
          </reporter-output>
        </test-method> <!-- submitOrder -->
        <test-method is-config="true" signature="closeApplication()[pri:0, instance:selenium.SeleniumFrameworkDesign.SubmitOrderTest@4201c465]" started-at="2024-12-16T19:25:49 IST" name="closeApplication" finished-at="2024-12-16T19:25:49 IST" duration-ms="155" status="PASS">
          <reporter-output>
          </reporter-output>
        </test-method> <!-- closeApplication -->
        <test-method is-config="true" signature="launchApplication()[pri:0, instance:selenium.SeleniumFrameworkDesign.SubmitOrderTest@4201c465]" started-at="2024-12-16T19:25:49 IST" name="launchApplication" finished-at="2024-12-16T19:25:54 IST" duration-ms="5246" status="PASS">
          <reporter-output>
          </reporter-output>
        </test-method> <!-- launchApplication -->
        <test-method signature="submitOrder(java.util.HashMap)[pri:0, instance:selenium.SeleniumFrameworkDesign.SubmitOrderTest@4201c465]" started-at="2024-12-16T19:25:54 IST" name="submitOrder" data-provider="getData" finished-at="2024-12-16T19:26:06 IST" duration-ms="11570" status="PASS">
          <params>
            <param index="0">
              <value>
                <![CDATA[{password=Iamking@000, email=shetty@gmail.com, productName=ZARA COAT 3}]]>
              </value>
            </param>
          </params>
          <reporter-output>
          </reporter-output>
        </test-method> <!-- submitOrder -->
        <test-method is-config="true" signature="closeApplication()[pri:0, instance:selenium.SeleniumFrameworkDesign.SubmitOrderTest@4201c465]" started-at="2024-12-16T19:26:06 IST" name="closeApplication" finished-at="2024-12-16T19:26:06 IST" duration-ms="286" status="PASS">
          <reporter-output>
          </reporter-output>
        </test-method> <!-- closeApplication -->
        <test-method is-config="true" signature="launchApplication()[pri:0, instance:selenium.SeleniumFrameworkDesign.SubmitOrderTest@4201c465]" started-at="2024-12-16T19:26:06 IST" name="launchApplication" finished-at="2024-12-16T19:26:10 IST" duration-ms="3703" status="PASS">
          <reporter-output>
          </reporter-output>
        </test-method> <!-- launchApplication -->
        <test-method signature="OrderHistoryTest()[pri:0, instance:selenium.SeleniumFrameworkDesign.SubmitOrderTest@4201c465]" started-at="2024-12-16T19:26:10 IST" name="OrderHistoryTest" finished-at="2024-12-16T19:26:10 IST" depends-on-methods="selenium.SeleniumFrameworkDesign.SubmitOrderTest.submitOrder" duration-ms="761" status="PASS">
          <reporter-output>
          </reporter-output>
        </test-method> <!-- OrderHistoryTest -->
        <test-method is-config="true" signature="closeApplication()[pri:0, instance:selenium.SeleniumFrameworkDesign.SubmitOrderTest@4201c465]" started-at="2024-12-16T19:26:10 IST" name="closeApplication" finished-at="2024-12-16T19:26:11 IST" duration-ms="74" status="PASS">
          <reporter-output>
          </reporter-output>
        </test-method> <!-- closeApplication -->
      </class> <!-- selenium.SeleniumFrameworkDesign.SubmitOrderTest -->
    </test> <!-- SubmitOrderTest -->
  </suite> <!-- Suite -->
</testng-results>
