<?xml version="1.0" encoding="UTF-8"?>
<testng-results ignored="0" total="5" passed="5" failed="0" skipped="0">
  <reporter-output>
  </reporter-output>
  <suite started-at="2024-12-14T23:06:42 IST" name="Suite" finished-at="2024-12-14T23:07:34 IST" duration-ms="51717">
    <groups>
      <group name="Purchase">
        <method signature="SubmitOrderTest.submitOrder(java.util.HashMap)[pri:0, instance:selenium.SeleniumFrameworkDesign.SubmitOrderTest@7ac0e420]" name="submitOrder" class="selenium.SeleniumFrameworkDesign.SubmitOrderTest"/>
      </group> <!-- Purchase -->
      <group name="Errorhandling">
        <method signature="ErrorValidationsTest.LoginErrorValidation()[pri:0, instance:selenium.SeleniumFrameworkDesign.ErrorValidationsTest@74c79fa2]" name="LoginErrorValidation" class="selenium.SeleniumFrameworkDesign.ErrorValidationsTest"/>
        <method signature="ErrorValidationsTest.ProductErrorValidation()[pri:0, instance:selenium.SeleniumFrameworkDesign.ErrorValidationsTest@74c79fa2]" name="ProductErrorValidation" class="selenium.SeleniumFrameworkDesign.ErrorValidationsTest"/>
      </group> <!-- Errorhandling -->
    </groups>
    <test started-at="2024-12-14T23:06:42 IST" name="ErrorValidations" finished-at="2024-12-14T23:07:10 IST" duration-ms="27275">
      <class name="selenium.SeleniumFrameworkDesign.ErrorValidationsTest">
        <test-method is-config="true" signature="launchApplication()[pri:0, instance:selenium.SeleniumFrameworkDesign.ErrorValidationsTest@74c79fa2]" started-at="2024-12-14T23:06:42 IST" name="launchApplication" finished-at="2024-12-14T23:06:55 IST" duration-ms="12251" status="PASS">
          <reporter-output>
          </reporter-output>
        </test-method> <!-- launchApplication -->
        <test-method signature="ProductErrorValidation()[pri:0, instance:selenium.SeleniumFrameworkDesign.ErrorValidationsTest@74c79fa2]" started-at="2024-12-14T23:06:55 IST" name="ProductErrorValidation" finished-at="2024-12-14T23:07:04 IST" duration-ms="9895" status="PASS">
          <reporter-output>
          </reporter-output>
        </test-method> <!-- ProductErrorValidation -->
        <test-method is-config="true" signature="closeApplication()[pri:0, instance:selenium.SeleniumFrameworkDesign.ErrorValidationsTest@74c79fa2]" started-at="2024-12-14T23:07:04 IST" name="closeApplication" finished-at="2024-12-14T23:07:05 IST" duration-ms="224" status="PASS">
          <reporter-output>
          </reporter-output>
        </test-method> <!-- closeApplication -->
        <test-method is-config="true" signature="launchApplication()[pri:0, instance:selenium.SeleniumFrameworkDesign.ErrorValidationsTest@74c79fa2]" started-at="2024-12-14T23:07:05 IST" name="launchApplication" finished-at="2024-12-14T23:07:08 IST" duration-ms="3043" status="PASS">
          <reporter-output>
          </reporter-output>
        </test-method> <!-- launchApplication -->
        <test-method signature="LoginErrorValidation()[pri:0, instance:selenium.SeleniumFrameworkDesign.ErrorValidationsTest@74c79fa2]" started-at="2024-12-14T23:07:08 IST" name="LoginErrorValidation" finished-at="2024-12-14T23:07:09 IST" duration-ms="1627" status="PASS">
          <reporter-output>
          </reporter-output>
        </test-method> <!-- LoginErrorValidation -->
        <test-method is-config="true" signature="closeApplication()[pri:0, instance:selenium.SeleniumFrameworkDesign.ErrorValidationsTest@74c79fa2]" started-at="2024-12-14T23:07:09 IST" name="closeApplication" finished-at="2024-12-14T23:07:10 IST" duration-ms="150" status="PASS">
          <reporter-output>
          </reporter-output>
        </test-method> <!-- closeApplication -->
      </class> <!-- selenium.SeleniumFrameworkDesign.ErrorValidationsTest -->
    </test> <!-- ErrorValidations -->
    <test started-at="2024-12-14T23:06:42 IST" name="SubmitOrderTest" finished-at="2024-12-14T23:07:34 IST" duration-ms="51717">
      <class name="selenium.SeleniumFrameworkDesign.SubmitOrderTest">
        <test-method is-config="true" signature="launchApplication()[pri:0, instance:selenium.SeleniumFrameworkDesign.SubmitOrderTest@7ac0e420]" started-at="2024-12-14T23:06:43 IST" name="launchApplication" finished-at="2024-12-14T23:06:59 IST" duration-ms="16557" status="PASS">
          <reporter-output>
          </reporter-output>
        </test-method> <!-- launchApplication -->
        <test-method signature="submitOrder(java.util.HashMap)[pri:0, instance:selenium.SeleniumFrameworkDesign.SubmitOrderTest@7ac0e420]" started-at="2024-12-14T23:06:59 IST" name="submitOrder" data-provider="getData" finished-at="2024-12-14T23:07:11 IST" duration-ms="12140" status="PASS">
          <params>
            <param index="0">
              <value>
                <![CDATA[{password=Viyyapu@159, email=radhakrishnaviyyapu@gmail.com, productName=ADIDAS ORIGINAL}]]>
              </value>
            </param>
          </params>
          <reporter-output>
          </reporter-output>
        </test-method> <!-- submitOrder -->
        <test-method is-config="true" signature="closeApplication()[pri:0, instance:selenium.SeleniumFrameworkDesign.SubmitOrderTest@7ac0e420]" started-at="2024-12-14T23:07:11 IST" name="closeApplication" finished-at="2024-12-14T23:07:12 IST" duration-ms="461" status="PASS">
          <reporter-output>
          </reporter-output>
        </test-method> <!-- closeApplication -->
        <test-method is-config="true" signature="launchApplication()[pri:0, instance:selenium.SeleniumFrameworkDesign.SubmitOrderTest@7ac0e420]" started-at="2024-12-14T23:07:12 IST" name="launchApplication" finished-at="2024-12-14T23:07:15 IST" duration-ms="3084" status="PASS">
          <reporter-output>
          </reporter-output>
        </test-method> <!-- launchApplication -->
        <test-method signature="submitOrder(java.util.HashMap)[pri:0, instance:selenium.SeleniumFrameworkDesign.SubmitOrderTest@7ac0e420]" started-at="2024-12-14T23:07:15 IST" name="submitOrder" data-provider="getData" finished-at="2024-12-14T23:07:27 IST" duration-ms="12318" status="PASS">
          <params>
            <param index="0">
              <value>
                <![CDATA[{password=Iamking@000, email=shetty@gmail.com, productName=ZARA COAT 3}]]>
              </value>
            </param>
          </params>
          <reporter-output>
          </reporter-output>
        </test-method> <!-- submitOrder -->
        <test-method is-config="true" signature="closeApplication()[pri:0, instance:selenium.SeleniumFrameworkDesign.SubmitOrderTest@7ac0e420]" started-at="2024-12-14T23:07:27 IST" name="closeApplication" finished-at="2024-12-14T23:07:27 IST" duration-ms="213" status="PASS">
          <reporter-output>
          </reporter-output>
        </test-method> <!-- closeApplication -->
        <test-method is-config="true" signature="launchApplication()[pri:0, instance:selenium.SeleniumFrameworkDesign.SubmitOrderTest@7ac0e420]" started-at="2024-12-14T23:07:27 IST" name="launchApplication" finished-at="2024-12-14T23:07:32 IST" duration-ms="5057" status="PASS">
          <reporter-output>
          </reporter-output>
        </test-method> <!-- launchApplication -->
        <test-method signature="OrderHistoryTest()[pri:0, instance:selenium.SeleniumFrameworkDesign.SubmitOrderTest@7ac0e420]" started-at="2024-12-14T23:07:32 IST" name="OrderHistoryTest" finished-at="2024-12-14T23:07:34 IST" depends-on-methods="selenium.SeleniumFrameworkDesign.SubmitOrderTest.submitOrder" duration-ms="1322" status="PASS">
          <reporter-output>
          </reporter-output>
        </test-method> <!-- OrderHistoryTest -->
        <test-method is-config="true" signature="closeApplication()[pri:0, instance:selenium.SeleniumFrameworkDesign.SubmitOrderTest@7ac0e420]" started-at="2024-12-14T23:07:34 IST" name="closeApplication" finished-at="2024-12-14T23:07:34 IST" duration-ms="168" status="PASS">
          <reporter-output>
          </reporter-output>
        </test-method> <!-- closeApplication -->
      </class> <!-- selenium.SeleniumFrameworkDesign.SubmitOrderTest -->
    </test> <!-- SubmitOrderTest -->
  </suite> <!-- Suite -->
</testng-results>
